Arguments: 
  C:\Program Files\nodejs\node.exe C:\Users\AINA\AppData\Roaming\npm\node_modules\yarn\bin\yarn.js add date-fns/locale/fr

PATH: 
  C:\Users\AINA\bin;C:\Program Files\Git\mingw64\bin;C:\Program Files\Git\usr\local\bin;C:\Program Files\Git\usr\bin;C:\Program Files\Git\usr\bin;C:\Program Files\Git\mingw64\bin;C:\Program Files\Git\usr\bin;C:\Users\AINA\bin;C:\Program Files (x86)\Common Files\Oracle\Java\java8path;C:\Program Files (x86)\Common Files\Oracle\Java\javapath;C:\Windows\system32;C:\Windows;C:\Windows\System32\Wbem;C:\Windows\System32\WindowsPowerShell\v1.0;C:\Windows\System32\OpenSSH;C:\Program Files (x86)\NVIDIA Corporation\PhysX\Common;C:\Program Files\Git\cmd;C:\WINDOWS\system32;C:\WINDOWS;C:\WINDOWS\System32\Wbem;C:\WINDOWS\System32\WindowsPowerShell\v1.0;C:\WINDOWS\System32\OpenSSH;C:\ProgramData\ComposerSetup\bin;C:\php74;C:\Users\AINA\AppData\Roaming\nvm;C:\Program Files\nodejs;C:\Users\AINA\AppData\Local\Programs\Python\Python311;C:\Users\AINA\AppData\Local\Microsoft\WindowsApps;C:\Users\AINA\AppData\Local\Programs\Microsoft VS Code\bin;C:\Users\AINA\AppData\Roaming\npm;C:\xampp\mysql\bin;C:\src\flutter\bin;C:\Users\AINA\AppData\Roaming\Composer\vendor\bin;C:\composer\composer.phar;C:\src\php-8.1.12-nts-Win32-vs16-x64;C:\src\cacert-2023-08-22.pem;C:\Users\AINA\AppData\Roaming\nvm;C:\Program Files\nodejs;C:\Program Files\Git\usr\bin\vendor_perl;C:\Program Files\Git\usr\bin\core_perl

Yarn version: 
  1.22.19

Node version: 
  20.9.0

Platform: 
  win32 x64

Trace: 
  Error: https://registry.yarnpkg.com/date-fns%2flocale/fr: Request "https://registry.yarnpkg.com/date-fns%2flocale/fr" returned a 405
      at params.callback [as _callback] (C:\Users\AINA\AppData\Roaming\npm\node_modules\yarn\lib\cli.js:66154:18)
      at self.callback (C:\Users\AINA\AppData\Roaming\npm\node_modules\yarn\lib\cli.js:140890:22)
      at Request.emit (node:events:514:28)
      at Request.<anonymous> (C:\Users\AINA\AppData\Roaming\npm\node_modules\yarn\lib\cli.js:141862:10)
      at Request.emit (node:events:514:28)
      at IncomingMessage.<anonymous> (C:\Users\AINA\AppData\Roaming\npm\node_modules\yarn\lib\cli.js:141784:12)
      at Object.onceWrapper (node:events:628:28)
      at IncomingMessage.emit (node:events:526:35)
      at endReadableNT (node:internal/streams/readable:1408:12)
      at process.processTicksAndRejections (node:internal/process/task_queues:82:21)

npm manifest: 
  {
    "name": "back-radiologie",
    "version": "1.0.0",
    "description": "",
    "main": "index.js",
    "scripts": {
      "test": "echo \"Error: no test specified\" && exit 1",
      "dev": "nodemon index.js",
      "start": "node index.js"
    },
    "author": "",
    "license": "ISC",
    "dependencies": {
      "bcrypt": "^5.1.1",
      "cors": "^2.8.5",
      "date-fns": "^3.6.0",
      "dotenv": "^16.3.1",
      "express": "^4.18.2",
      "fs": "^0.0.1-security",
      "jsonwebtoken": "^9.0.2",
      "multer": "^1.4.5-lts.1",
      "mysql": "^2.18.1",
      "mysql2": "^3.6.3",
      "node-cron": "^3.0.3",
      "nodemailer": "^6.9.7",
      "path": "^0.12.7",
      "socket.io": "^4.7.2",
      "uuid": "^9.0.1"
    },
    "devDependencies": {
      "nodemon": "^3.0.1"
    }
  }

yarn manifest: 
  No manifest

Lockfile: 
  No lockfile
